This file contains any messages produced by compilers while
running configure, to aid debugging if configure makes a mistake.

It was created by configure, which was
generated by GNU Autoconf 2.52.20190901.  Invocation command line was

  $ ./configure --prefix /gpfs/data/fs71391/malexand/opt

## ---------- ##
## Platform.  ##
## ---------- ##

hostname = l46
uname -m = x86_64
uname -r = 3.10.0-957.10.1.el7.x86_64
uname -s = Linux
uname -v = #1 SMP Mon Mar 18 15:06:45 UTC 2019

/usr/bin/uname -p = x86_64
/bin/uname -X     = unknown

/bin/arch              = x86_64
/usr/bin/arch -k       = unknown
/usr/convex/getsysinfo = unknown
hostinfo               = unknown
/bin/machine           = unknown
/usr/bin/oslevel       = unknown
/bin/universe          = unknown

PATH = /opt/sw/vsc_modules/modules-4.2.2/bin:/opt/sw/vsc4/modules/4.2.2/bin:/opt/sw/spack-0.12.1/bin:/usr/lib64/qt-3.3/bin:/usr/local/bin:/usr/bin:/usr/local/sbin:/usr/sbin:/usr/lpp/mmfs/bin:/opt/vsc4/slurm/18-08-7-1/bin:/opt/vsc4/slurm/18-08-7-1/sbin:/home/lv71391/malexand/.local/bin:/home/lv71391/malexand/bin

## ------------ ##
## Core tests.  ##
## ------------ ##

configure:996: PATH=".;."; conftest.sh
./configure: line 997: conftest.sh: command not found
configure:999: $? = 127
configure:1041: checking build system type
configure:1059: result: x86_64-pc-linux-gnu
configure:1066: checking host system type
configure:1080: result: x86_64-pc-linux-gnu
configure:1088: checking target system type
configure:1102: result: x86_64-pc-linux-gnu
configure:1134: result: Configuring for linux-gnu
configure:1202: checking for gcc
configure:1217: found /usr/bin/gcc
configure:1225: result: gcc
configure:1453: checking for C compiler version
configure:1456: gcc --version </dev/null >&5
gcc (GCC) 4.8.5 20150623 (Red Hat 4.8.5-36)
Copyright (C) 2015 Free Software Foundation, Inc.
This is free software; see the source for copying conditions.  There is NO
warranty; not even for MERCHANTABILITY or FITNESS FOR A PARTICULAR PURPOSE.

configure:1459: $? = 0
configure:1461: gcc -v </dev/null >&5
Using built-in specs.
COLLECT_GCC=gcc
COLLECT_LTO_WRAPPER=/usr/libexec/gcc/x86_64-redhat-linux/4.8.5/lto-wrapper
Target: x86_64-redhat-linux
Configured with: ../configure --prefix=/usr --mandir=/usr/share/man --infodir=/usr/share/info --with-bugurl=http://bugzilla.redhat.com/bugzilla --enable-bootstrap --enable-shared --enable-threads=posix --enable-checking=release --with-system-zlib --enable-__cxa_atexit --disable-libunwind-exceptions --enable-gnu-unique-object --enable-linker-build-id --with-linker-hash-style=gnu --enable-languages=c,c++,objc,obj-c++,java,fortran,ada,go,lto --enable-plugin --enable-initfini-array --disable-libgcj --with-isl=/builddir/build/BUILD/gcc-4.8.5-20150702/obj-x86_64-redhat-linux/isl-install --with-cloog=/builddir/build/BUILD/gcc-4.8.5-20150702/obj-x86_64-redhat-linux/cloog-install --enable-gnu-indirect-function --with-tune=generic --with-arch_32=x86-64 --build=x86_64-redhat-linux
Thread model: posix
gcc version 4.8.5 20150623 (Red Hat 4.8.5-36) (GCC) 
configure:1464: $? = 0
configure:1466: gcc -V </dev/null >&5
gcc: error: unrecognized command line option '-V'
gcc: fatal error: no input files
compilation terminated.
configure:1469: $? = 4
configure:1489: checking for C compiler default output
configure:1492: gcc    conftest.c  >&5
configure:1495: $? = 0
configure:1524: result: a.out
configure:1529: checking whether the C compiler works
configure:1535: ./a.out
configure:1538: $? = 0
configure:1553: result: yes
configure:1560: checking whether we are cross compiling
configure:1562: result: no
configure:1565: checking for executable suffix
configure:1567: gcc -o conftest    conftest.c  >&5
configure:1570: $? = 0
configure:1592: result: 
configure:1598: checking for object suffix
configure:1616: gcc -c   conftest.c >&5
configure:1619: $? = 0
configure:1638: result: o
configure:1642: checking whether we are using the GNU C compiler
configure:1663: gcc -c   conftest.c >&5
configure:1666: $? = 0
configure:1669: test -s conftest.o
configure:1672: $? = 0
configure:1684: result: yes
configure:1690: checking whether gcc accepts -g
configure:1708: gcc -c -g  conftest.c >&5
configure:1711: $? = 0
configure:1714: test -s conftest.o
configure:1717: $? = 0
configure:1727: result: yes
configure:1754: gcc -c -g -O2  conftest.c >&5
conftest.c:2:3: error: unknown type name 'choke'
   choke me
   ^
conftest.c:2:3: error: expected '=', ',', ';', 'asm' or '__attribute__' at end of input
configure:1757: $? = 1
configure: failed program was:
#ifndef __cplusplus
  choke me
#endif
configure:1858: checking version of gcc
configure:1862: result: 4.8.5
configure:1871: checking if this is really Intel C compiler
configure:1893: gcc -c -g -O2 -no-gcc  conftest.c >&5
gcc: error: unrecognized command line option '-no-gcc'
configure:1896: $? = 1
configure: failed program was:
#line 1876 "configure"
#include "confdefs.h"

int
main (void)
{

#ifdef __INTEL_COMPILER
#else
make an error
#endif

  ;
  return 0;
}
configure:1913: result: no
configure:1922: checking if this is really Clang C compiler
configure:1944: gcc -c -g -O2 -Qunused-arguments  conftest.c >&5
gcc: error: unrecognized command line option '-Qunused-arguments'
configure:1947: $? = 1
configure: failed program was:
#line 1927 "configure"
#include "confdefs.h"

int
main (void)
{

#ifdef __clang__
#else
make an error
#endif

  ;
  return 0;
}
configure:1964: result: no
configure:1968: checking for gcc option to accept ANSI C
configure:2025: gcc  -c -g -O2  conftest.c >&5
configure:2028: $? = 0
configure:2031: test -s conftest.o
configure:2034: $? = 0
configure:2051: result: none needed
configure:2062: checking $CFLAGS variable
configure:2176: result: ok
configure:2181: checking $CC variable
configure:2316: result: ok
configure:2321: checking whether make sets ${MAKE}
configure:2341: result: yes
configure:2362: checking for a BSD compatible install
configure:2411: result: /usr/bin/install -c
configure:2422: checking if filesystem supports mixed-case filenames
configure:2449: result: yes
configure:2460: checking for exctags
configure:2486: result: no
configure:2460: checking for ctags
configure:2475: found /usr/bin/ctags
configure:2483: result: ctags
configure:2497: checking for exetags
configure:2523: result: no
configure:2497: checking for etags
configure:2512: found /usr/bin/etags
configure:2520: result: etags
configure:2532: checking for ctags
configure:2547: found /usr/bin/ctags
configure:2556: result: yes
configure:2566: checking for etags
configure:2581: found /usr/bin/etags
configure:2590: result: yes
configure:2617: checking for mawk
configure:2643: result: no
configure:2617: checking for gawk
configure:2632: found /usr/bin/gawk
configure:2640: result: gawk
configure:2658: checking for lint
configure:2684: result: no
configure:2658: checking for cppcheck
configure:2684: result: no
configure:2658: checking for splint
configure:2684: result: no
configure:2691: checking if the POSIX test-macros are already defined
configure:2717: gcc -c -g -O2  conftest.c >&5
configure:2720: $? = 0
configure:2723: test -s conftest.o
configure:2726: $? = 0
configure:2737: result: no
configure:2782: checking if this is the GNU C library
configure:2808: gcc -c -g -O2  conftest.c >&5
configure:2811: $? = 0
configure:2814: test -s conftest.o
configure:2817: $? = 0
configure:2828: result: yes
configure:2836: checking if _DEFAULT_SOURCE can be used as a basis
configure:2867: gcc -c -g -O2 -D_DEFAULT_SOURCE conftest.c >&5
configure: In function 'main':
configure:2859:6: error: #error GNU C library __GLIBC__.__GLIBC_MINOR__ is too old
    #else
      ^
configure:2870: $? = 1
configure: failed program was:
#line 2848 "configure"
#include "confdefs.h"
#include <sys/types.h>
int
main (void)
{

			#if (__GLIBC__ == 2 && __GLIBC_MINOR__ >= 19) || (__GLIBC__ > 2)
				return 0;
			#elif (__NEWLIB__ == 2 && __NEWLIB_MINOR__ >= 4) || (__GLIBC__ > 3)
				return 0;
			#else
			#	error GNU C library __GLIBC__.__GLIBC_MINOR__ is too old
			#endif
  ;
  return 0;
}
configure:2888: result: no
configure:3047: checking if we must define _GNU_SOURCE
configure:3069: gcc -c -g -O2  conftest.c >&5
configure: In function 'main':
configure:3061:5: error: #error expected _XOPEN_SOURCE to be defined
    #ifndef _XOPEN_SOURCE
     ^
configure:3072: $? = 1
configure: failed program was:
#line 3054 "configure"
#include "confdefs.h"
#include <sys/types.h>
int
main (void)
{

			#ifndef _XOPEN_SOURCE
			#error	expected _XOPEN_SOURCE to be defined
			#endif
  ;
  return 0;
}
configure:3200: gcc -c -g -O2 -D_GNU_SOURCE conftest.c >&5
configure: In function 'main':
configure:3192:6: error: #error expected _XOPEN_SOURCE to be undefined
     #ifdef _XOPEN_SOURCE
      ^
configure:3203: $? = 1
configure: failed program was:
#line 3185 "configure"
#include "confdefs.h"
#include <sys/types.h>
int
main (void)
{

				#ifdef _XOPEN_SOURCE
				#error	expected _XOPEN_SOURCE to be undefined
				#endif
  ;
  return 0;
}
configure:3224: result: yes
configure:3229: checking if we should also define _DEFAULT_SOURCE
configure:3254: gcc -c -g -O2 -D_GNU_SOURCE conftest.c >&5
configure:3257: $? = 0
configure:3260: test -s conftest.o
configure:3263: $? = 0
configure:3274: result: no
configure:4175: checking if _XOPEN_SOURCE really is set
configure:4193: gcc -c -g -O2 -D_GNU_SOURCE conftest.c >&5
configure:4196: $? = 0
configure:4199: test -s conftest.o
configure:4202: $? = 0
configure:4211: result: yes
configure:4231: gcc -c -g -O2 -D_GNU_SOURCE conftest.c >&5
configure:4234: $? = 0
configure:4237: test -s conftest.o
configure:4240: $? = 0
configure:4471: checking how to run the C preprocessor
configure:4497: gcc -E -D_GNU_SOURCE conftest.c
configure:4503: $? = 0
configure:4530: gcc -E -D_GNU_SOURCE conftest.c
configure:4527:28: fatal error: ac_nonexistent.h: No such file or directory
 #include "confdefs.h"
                            ^
compilation terminated.
configure:4536: $? = 1
configure: failed program was:
#line 4526 "configure"
#include "confdefs.h"
#include <ac_nonexistent.h>
configure:4573: result: gcc -E
configure:4588: gcc -E -D_GNU_SOURCE conftest.c
configure:4594: $? = 0
configure:4621: gcc -E -D_GNU_SOURCE conftest.c
configure:4618:28: fatal error: ac_nonexistent.h: No such file or directory
 #include "confdefs.h"
                            ^
compilation terminated.
configure:4627: $? = 1
configure: failed program was:
#line 4617 "configure"
#include "confdefs.h"
#include <ac_nonexistent.h>
configure:4670: checking for fcntl.h
configure:4680: gcc -E -D_GNU_SOURCE conftest.c
configure:4686: $? = 0
configure:4705: result: yes
configure:4720: checking for unistd.h
configure:4730: gcc -E -D_GNU_SOURCE conftest.c
configure:4736: $? = 0
configure:4755: result: yes
configure:4765: checking for working mkstemp
configure:4817: gcc -o conftest -g -O2 -D_GNU_SOURCE  conftest.c  >&5
configure:4820: $? = 0
configure:4822: ./conftest
configure:4825: $? = 0
configure:4840: result: yes
configure:4914: checking for unistd.h
configure:4949: result: yes
configure:4914: checking for getopt.h
configure:4924: gcc -E -D_GNU_SOURCE conftest.c
configure:4930: $? = 0
configure:4949: result: yes
configure:4959: checking for header declaring getopt variables
configure:4982: gcc -c -g -O2 -D_GNU_SOURCE conftest.c >&5
configure: In function 'main':
configure:4975:9: error: 'optind' undeclared (first use in this function)
 {
         ^
configure:4975:9: note: each undeclared identifier is reported only once for each function it appears in
configure:4975:27: error: 'optarg' undeclared (first use in this function)
 {
                           ^
configure:4985: $? = 1
configure: failed program was:
#line 4969 "configure"
#include "confdefs.h"

#include <stdio.h>
int
main (void)
{
int x = optind; char *y = optarg
  ;
  return 0;
}
configure:4982: gcc -c -g -O2 -D_GNU_SOURCE conftest.c >&5
configure: In function 'main':
configure:4975:9: error: 'optind' undeclared (first use in this function)
 {
         ^
configure:4975:9: note: each undeclared identifier is reported only once for each function it appears in
configure:4975:27: error: 'optarg' undeclared (first use in this function)
 {
                           ^
configure:4985: $? = 1
configure: failed program was:
#line 4969 "configure"
#include "confdefs.h"

#include <stdlib.h>
int
main (void)
{
int x = optind; char *y = optarg
  ;
  return 0;
}
configure:4982: gcc -c -g -O2 -D_GNU_SOURCE conftest.c >&5
configure:4985: $? = 0
configure:4988: test -s conftest.o
configure:4991: $? = 0
configure:5003: result: unistd.h
configure:5023: checking for getopt
configure:5060: gcc -o conftest -g -O2 -D_GNU_SOURCE  conftest.c  >&5
configure:5063: $? = 0
configure:5066: test -s conftest
configure:5069: $? = 0
configure:5079: result: yes
configure:5023: checking for vsnprintf
configure:5060: gcc -o conftest -g -O2 -D_GNU_SOURCE  conftest.c  >&5
configure:5040:6: warning: conflicting types for built-in function 'vsnprintf' [enabled by default]
    builtin and then its argument prototype would still apply.  */
      ^
configure:5063: $? = 0
configure:5066: test -s conftest
configure:5069: $? = 0
configure:5079: result: yes
configure:5089: checking for maximum table size
configure:5114: result: default
configure:5118: checking if backtracking extension is wanted
configure:5126: result: 
configure:5141: checking if you want to check for gcc warnings
configure:5151: result: no
configure:5499: checking if you want to see long compiling messages
configure:5533: result: yes
configure:5536: checking if you want to use dmalloc for testing
configure:5553: result: no
configure:5768: checking if you want to use dbmalloc for testing
configure:5785: result: no
configure:6000: checking if you want to use valgrind for testing
configure:6017: result: no
configure:6130: checking if you want to perform memory-leak testing
configure:6140: result: no
configure:6157: checking for groff
configure:6174: found /usr/bin/groff
configure:6186: result: /usr/bin/groff
configure:6197: checking for nroff
configure:6214: found /usr/bin/nroff
configure:6225: result: /usr/bin/nroff
configure:6238: checking for tbl
configure:6255: found /usr/bin/tbl
configure:6267: result: /usr/bin/tbl
configure:6290: checking for man2html
configure:6319: result: no
configure:6346: checking for program to convert manpage to html
configure:6405: result: /usr/bin/groff
configure:6545: checking for ANSI C header files
configure:6559: gcc -E -D_GNU_SOURCE conftest.c
configure:6565: $? = 0
configure:6652: gcc -o conftest -g -O2 -D_GNU_SOURCE  conftest.c  >&5
configure:6655: $? = 0
configure:6657: ./conftest
configure:6660: $? = 0
configure:6673: result: yes
configure:6689: checking for sys/types.h
configure:6701: gcc -c -g -O2 -D_GNU_SOURCE conftest.c >&5
configure:6704: $? = 0
configure:6707: test -s conftest.o
configure:6710: $? = 0
configure:6720: result: yes
configure:6689: checking for sys/stat.h
configure:6701: gcc -c -g -O2 -D_GNU_SOURCE conftest.c >&5
configure:6704: $? = 0
configure:6707: test -s conftest.o
configure:6710: $? = 0
configure:6720: result: yes
configure:6689: checking for stdlib.h
configure:6701: gcc -c -g -O2 -D_GNU_SOURCE conftest.c >&5
configure:6704: $? = 0
configure:6707: test -s conftest.o
configure:6710: $? = 0
configure:6720: result: yes
configure:6689: checking for string.h
configure:6701: gcc -c -g -O2 -D_GNU_SOURCE conftest.c >&5
configure:6704: $? = 0
configure:6707: test -s conftest.o
configure:6710: $? = 0
configure:6720: result: yes
configure:6689: checking for memory.h
configure:6701: gcc -c -g -O2 -D_GNU_SOURCE conftest.c >&5
configure:6704: $? = 0
configure:6707: test -s conftest.o
configure:6710: $? = 0
configure:6720: result: yes
configure:6689: checking for strings.h
configure:6701: gcc -c -g -O2 -D_GNU_SOURCE conftest.c >&5
configure:6704: $? = 0
configure:6707: test -s conftest.o
configure:6710: $? = 0
configure:6720: result: yes
configure:6689: checking for inttypes.h
configure:6701: gcc -c -g -O2 -D_GNU_SOURCE conftest.c >&5
configure:6704: $? = 0
configure:6707: test -s conftest.o
configure:6710: $? = 0
configure:6720: result: yes
configure:6689: checking for stdint.h
configure:6701: gcc -c -g -O2 -D_GNU_SOURCE conftest.c >&5
configure:6704: $? = 0
configure:6707: test -s conftest.o
configure:6710: $? = 0
configure:6720: result: yes
configure:6689: checking for unistd.h
configure:6720: result: yes
configure:6730: checking for mode_t
configure:6751: gcc -c -g -O2 -D_GNU_SOURCE conftest.c >&5
configure:6754: $? = 0
configure:6757: test -s conftest.o
configure:6760: $? = 0
configure:6770: result: yes
configure:6863: creating ./config.status

## ----------------------- ##
## Running config.status.  ##
## ----------------------- ##

This file was extended by config.status 2.52.20190901, executed with
  CONFIG_FILES    = 
  CONFIG_HEADERS  = 
  CONFIG_LINKS    = 
  CONFIG_COMMANDS = 
  > ./config.status 
on l46

config.status:7355: creating makefile
config.status:7508: creating config.h

## ----------------- ##
## Cache variables.  ##
## ----------------- ##

ac_cv_build=x86_64-pc-linux-gnu
ac_cv_build_alias=x86_64-pc-linux-gnu
ac_cv_c_compiler_gnu=yes
ac_cv_env_CC_set=
ac_cv_env_CC_value=
ac_cv_env_CFLAGS_set=
ac_cv_env_CFLAGS_value=
ac_cv_env_CPPFLAGS_set=
ac_cv_env_CPPFLAGS_value=
ac_cv_env_CPP_set=
ac_cv_env_CPP_value=
ac_cv_env_LDFLAGS_set=
ac_cv_env_LDFLAGS_value=
ac_cv_env_build_alias_set=
ac_cv_env_build_alias_value=
ac_cv_env_host_alias_set=
ac_cv_env_host_alias_value=
ac_cv_env_target_alias_set=
ac_cv_env_target_alias_value=
ac_cv_func_getopt=yes
ac_cv_func_vsnprintf=yes
ac_cv_header_fcntl_h=yes
ac_cv_header_getopt_h=yes
ac_cv_header_inttypes_h=yes
ac_cv_header_memory_h=yes
ac_cv_header_stdc=yes
ac_cv_header_stdint_h=yes
ac_cv_header_stdlib_h=yes
ac_cv_header_string_h=yes
ac_cv_header_strings_h=yes
ac_cv_header_sys_stat_h=yes
ac_cv_header_sys_types_h=yes
ac_cv_header_unistd_h=yes
ac_cv_host=x86_64-pc-linux-gnu
ac_cv_host_alias=x86_64-pc-linux-gnu
ac_cv_objext=o
ac_cv_path_GROFF_PATH=/usr/bin/groff
ac_cv_path_NROFF_PATH=/usr/bin/nroff
ac_cv_path_TBL_PATH=/usr/bin/tbl
ac_cv_path_cf_man2html=no
ac_cv_path_install='/usr/bin/install -c'
ac_cv_prog_AWK=gawk
ac_cv_prog_CPP='gcc -E'
ac_cv_prog_CTAGS=ctags
ac_cv_prog_ETAGS=etags
ac_cv_prog_MAKE_LOWER_TAGS=yes
ac_cv_prog_MAKE_UPPER_TAGS=yes
ac_cv_prog_ac_ct_CC=gcc
ac_cv_prog_cc_g=yes
ac_cv_prog_cc_stdc=
ac_cv_prog_make_make_set=yes
ac_cv_target=x86_64-pc-linux-gnu
ac_cv_target_alias=x86_64-pc-linux-gnu
ac_cv_type_mode_t=yes
cf_cv_default_source=no
cf_cv_func_mkstemp=yes
cf_cv_getopt_header=unistd.h
cf_cv_gnu_dftsrc_219=maybe
cf_cv_gnu_library=yes
cf_cv_gnu_library_219=no
cf_cv_gnu_source=yes
cf_cv_mixedcase=yes
cf_cv_posix_visible=no
cf_cv_system_name=linux-gnu

## ------------ ##
## confdefs.h.  ##
## ------------ ##

#define SYSTEM_NAME "linux-gnu"
#define MIXEDCASE_FILENAMES 1
#define HAVE_FCNTL_H 1
#define HAVE_UNISTD_H 1
#define HAVE_MKSTEMP 1
#define HAVE_UNISTD_H 1
#define HAVE_GETOPT_H 1
#define HAVE_GETOPT_HEADER 1
#define HAVE_GETOPT 1
#define HAVE_VSNPRINTF 1
#define STDC_HEADERS 1
#define HAVE_SYS_TYPES_H 1
#define HAVE_SYS_STAT_H 1
#define HAVE_STDLIB_H 1
#define HAVE_STRING_H 1
#define HAVE_MEMORY_H 1
#define HAVE_STRINGS_H 1
#define HAVE_INTTYPES_H 1
#define HAVE_STDINT_H 1
#define HAVE_UNISTD_H 1


configure: exit 0
